<?xml version="1.0" encoding="UTF-8"?>
<testsuite xmlns:xsi="http://www.w3.org/2001/XMLSchema-instance" xsi:noNamespaceSchemaLocation="https://maven.apache.org/surefire/maven-surefire-plugin/xsd/surefire-test-report.xsd" name="com.zuo.aqiproject.AqiProjectApplicationTests" time="4.207" tests="1" errors="0" skipped="0" failures="0">
  <properties>
    <property name="sun.desktop" value="gnome"/>
    <property name="awt.toolkit" value="sun.awt.X11.XToolkit"/>
    <property name="file.encoding.pkg" value="sun.io"/>
    <property name="java.specification.version" value="1.8"/>
    <property name="sun.cpu.isalist" value=""/>
    <property name="sun.jnu.encoding" value="UTF-8"/>
    <property name="java.class.path" value="/home/zgc/Desktop/aqi-project/target/test-classes:/home/zgc/Desktop/aqi-project/target/classes:/home/zgc/repo/com/baomidou/mybatis-plus-generator/3.5.2/mybatis-plus-generator-3.5.2.jar:/home/zgc/repo/com/baomidou/mybatis-plus-boot-starter/3.5.1/mybatis-plus-boot-starter-3.5.1.jar:/home/zgc/repo/com/baomidou/mybatis-plus/3.5.1/mybatis-plus-3.5.1.jar:/home/zgc/repo/com/baomidou/mybatis-plus-extension/3.5.1/mybatis-plus-extension-3.5.1.jar:/home/zgc/repo/com/baomidou/mybatis-plus-core/3.5.1/mybatis-plus-core-3.5.1.jar:/home/zgc/repo/com/baomidou/mybatis-plus-annotation/3.5.1/mybatis-plus-annotation-3.5.1.jar:/home/zgc/repo/com/github/jsqlparser/jsqlparser/4.3/jsqlparser-4.3.jar:/home/zgc/repo/org/springframework/boot/spring-boot-autoconfigure/2.6.6/spring-boot-autoconfigure-2.6.6.jar:/home/zgc/repo/org/springframework/boot/spring-boot-starter-jdbc/2.6.6/spring-boot-starter-jdbc-2.6.6.jar:/home/zgc/repo/org/springframework/boot/spring-boot-starter/2.6.6/spring-boot-starter-2.6.6.jar:/home/zgc/repo/org/springframework/boot/spring-boot-starter-logging/2.6.6/spring-boot-starter-logging-2.6.6.jar:/home/zgc/repo/ch/qos/logback/logback-classic/1.2.11/logback-classic-1.2.11.jar:/home/zgc/repo/ch/qos/logback/logback-core/1.2.11/logback-core-1.2.11.jar:/home/zgc/repo/org/apache/logging/log4j/log4j-to-slf4j/2.17.2/log4j-to-slf4j-2.17.2.jar:/home/zgc/repo/org/apache/logging/log4j/log4j-api/2.17.2/log4j-api-2.17.2.jar:/home/zgc/repo/org/slf4j/jul-to-slf4j/1.7.36/jul-to-slf4j-1.7.36.jar:/home/zgc/repo/jakarta/annotation/jakarta.annotation-api/1.3.5/jakarta.annotation-api-1.3.5.jar:/home/zgc/repo/org/yaml/snakeyaml/1.29/snakeyaml-1.29.jar:/home/zgc/repo/com/zaxxer/HikariCP/4.0.3/HikariCP-4.0.3.jar:/home/zgc/repo/org/springframework/spring-jdbc/5.3.18/spring-jdbc-5.3.18.jar:/home/zgc/repo/org/springframework/spring-beans/5.3.18/spring-beans-5.3.18.jar:/home/zgc/repo/org/springframework/spring-tx/5.3.18/spring-tx-5.3.18.jar:/home/zgc/repo/org/springframework/boot/spring-boot-starter-thymeleaf/2.6.6/spring-boot-starter-thymeleaf-2.6.6.jar:/home/zgc/repo/org/thymeleaf/thymeleaf-spring5/3.0.15.RELEASE/thymeleaf-spring5-3.0.15.RELEASE.jar:/home/zgc/repo/org/thymeleaf/thymeleaf/3.0.15.RELEASE/thymeleaf-3.0.15.RELEASE.jar:/home/zgc/repo/org/attoparser/attoparser/2.0.5.RELEASE/attoparser-2.0.5.RELEASE.jar:/home/zgc/repo/org/unbescape/unbescape/1.1.6.RELEASE/unbescape-1.1.6.RELEASE.jar:/home/zgc/repo/org/thymeleaf/extras/thymeleaf-extras-java8time/3.0.4.RELEASE/thymeleaf-extras-java8time-3.0.4.RELEASE.jar:/home/zgc/repo/com/belerweb/pinyin4j/2.5.1/pinyin4j-2.5.1.jar:/home/zgc/repo/org/springframework/boot/spring-boot-starter-web/2.6.6/spring-boot-starter-web-2.6.6.jar:/home/zgc/repo/org/springframework/boot/spring-boot-starter-json/2.6.6/spring-boot-starter-json-2.6.6.jar:/home/zgc/repo/com/fasterxml/jackson/core/jackson-databind/2.13.2.2/jackson-databind-2.13.2.2.jar:/home/zgc/repo/com/fasterxml/jackson/core/jackson-annotations/2.13.2/jackson-annotations-2.13.2.jar:/home/zgc/repo/com/fasterxml/jackson/core/jackson-core/2.13.2/jackson-core-2.13.2.jar:/home/zgc/repo/com/fasterxml/jackson/datatype/jackson-datatype-jdk8/2.13.2/jackson-datatype-jdk8-2.13.2.jar:/home/zgc/repo/com/fasterxml/jackson/datatype/jackson-datatype-jsr310/2.13.2/jackson-datatype-jsr310-2.13.2.jar:/home/zgc/repo/com/fasterxml/jackson/module/jackson-module-parameter-names/2.13.2/jackson-module-parameter-names-2.13.2.jar:/home/zgc/repo/org/springframework/boot/spring-boot-starter-tomcat/2.6.6/spring-boot-starter-tomcat-2.6.6.jar:/home/zgc/repo/org/apache/tomcat/embed/tomcat-embed-core/9.0.60/tomcat-embed-core-9.0.60.jar:/home/zgc/repo/org/apache/tomcat/embed/tomcat-embed-el/9.0.60/tomcat-embed-el-9.0.60.jar:/home/zgc/repo/org/apache/tomcat/embed/tomcat-embed-websocket/9.0.60/tomcat-embed-websocket-9.0.60.jar:/home/zgc/repo/org/springframework/spring-web/5.3.18/spring-web-5.3.18.jar:/home/zgc/repo/org/springframework/spring-webmvc/5.3.18/spring-webmvc-5.3.18.jar:/home/zgc/repo/org/springframework/spring-aop/5.3.18/spring-aop-5.3.18.jar:/home/zgc/repo/org/springframework/spring-context/5.3.18/spring-context-5.3.18.jar:/home/zgc/repo/org/springframework/spring-expression/5.3.18/spring-expression-5.3.18.jar:/home/zgc/repo/org/mybatis/spring/boot/mybatis-spring-boot-starter/2.2.2/mybatis-spring-boot-starter-2.2.2.jar:/home/zgc/repo/org/mybatis/spring/boot/mybatis-spring-boot-autoconfigure/2.2.2/mybatis-spring-boot-autoconfigure-2.2.2.jar:/home/zgc/repo/org/mybatis/mybatis/3.5.9/mybatis-3.5.9.jar:/home/zgc/repo/org/mybatis/mybatis-spring/2.0.7/mybatis-spring-2.0.7.jar:/home/zgc/repo/org/thymeleaf/extras/thymeleaf-extras-springsecurity5/3.0.4.RELEASE/thymeleaf-extras-springsecurity5-3.0.4.RELEASE.jar:/home/zgc/repo/org/slf4j/slf4j-api/1.7.36/slf4j-api-1.7.36.jar:/home/zgc/repo/org/projectlombok/lombok/1.18.22/lombok-1.18.22.jar:/home/zgc/repo/org/freemarker/freemarker/2.3.31/freemarker-2.3.31.jar:/home/zgc/repo/io/springfox/springfox-boot-starter/3.0.0/springfox-boot-starter-3.0.0.jar:/home/zgc/repo/io/springfox/springfox-oas/3.0.0/springfox-oas-3.0.0.jar:/home/zgc/repo/io/swagger/core/v3/swagger-annotations/2.1.2/swagger-annotations-2.1.2.jar:/home/zgc/repo/io/swagger/core/v3/swagger-models/2.1.2/swagger-models-2.1.2.jar:/home/zgc/repo/io/springfox/springfox-spi/3.0.0/springfox-spi-3.0.0.jar:/home/zgc/repo/io/springfox/springfox-schema/3.0.0/springfox-schema-3.0.0.jar:/home/zgc/repo/io/springfox/springfox-core/3.0.0/springfox-core-3.0.0.jar:/home/zgc/repo/io/springfox/springfox-spring-web/3.0.0/springfox-spring-web-3.0.0.jar:/home/zgc/repo/io/github/classgraph/classgraph/4.8.83/classgraph-4.8.83.jar:/home/zgc/repo/io/springfox/springfox-spring-webmvc/3.0.0/springfox-spring-webmvc-3.0.0.jar:/home/zgc/repo/io/springfox/springfox-spring-webflux/3.0.0/springfox-spring-webflux-3.0.0.jar:/home/zgc/repo/io/springfox/springfox-swagger-common/3.0.0/springfox-swagger-common-3.0.0.jar:/home/zgc/repo/org/mapstruct/mapstruct/1.3.1.Final/mapstruct-1.3.1.Final.jar:/home/zgc/repo/io/springfox/springfox-data-rest/3.0.0/springfox-data-rest-3.0.0.jar:/home/zgc/repo/io/springfox/springfox-bean-validators/3.0.0/springfox-bean-validators-3.0.0.jar:/home/zgc/repo/io/springfox/springfox-swagger2/3.0.0/springfox-swagger2-3.0.0.jar:/home/zgc/repo/io/swagger/swagger-annotations/1.5.20/swagger-annotations-1.5.20.jar:/home/zgc/repo/io/swagger/swagger-models/1.5.20/swagger-models-1.5.20.jar:/home/zgc/repo/io/springfox/springfox-swagger-ui/3.0.0/springfox-swagger-ui-3.0.0.jar:/home/zgc/repo/com/fasterxml/classmate/1.5.1/classmate-1.5.1.jar:/home/zgc/repo/org/springframework/plugin/spring-plugin-core/2.0.0.RELEASE/spring-plugin-core-2.0.0.RELEASE.jar:/home/zgc/repo/org/springframework/plugin/spring-plugin-metadata/2.0.0.RELEASE/spring-plugin-metadata-2.0.0.RELEASE.jar:/home/zgc/repo/org/springframework/boot/spring-boot-devtools/2.6.6/spring-boot-devtools-2.6.6.jar:/home/zgc/repo/org/springframework/boot/spring-boot/2.6.6/spring-boot-2.6.6.jar:/home/zgc/repo/mysql/mysql-connector-java/8.0.28/mysql-connector-java-8.0.28.jar:/home/zgc/repo/org/springframework/boot/spring-boot-starter-test/2.6.6/spring-boot-starter-test-2.6.6.jar:/home/zgc/repo/org/springframework/boot/spring-boot-test/2.6.6/spring-boot-test-2.6.6.jar:/home/zgc/repo/org/springframework/boot/spring-boot-test-autoconfigure/2.6.6/spring-boot-test-autoconfigure-2.6.6.jar:/home/zgc/repo/com/jayway/jsonpath/json-path/2.6.0/json-path-2.6.0.jar:/home/zgc/repo/net/minidev/json-smart/2.4.8/json-smart-2.4.8.jar:/home/zgc/repo/net/minidev/accessors-smart/2.4.8/accessors-smart-2.4.8.jar:/home/zgc/repo/org/ow2/asm/asm/9.1/asm-9.1.jar:/home/zgc/repo/jakarta/xml/bind/jakarta.xml.bind-api/2.3.3/jakarta.xml.bind-api-2.3.3.jar:/home/zgc/repo/jakarta/activation/jakarta.activation-api/1.2.2/jakarta.activation-api-1.2.2.jar:/home/zgc/repo/org/assertj/assertj-core/3.21.0/assertj-core-3.21.0.jar:/home/zgc/repo/org/hamcrest/hamcrest/2.2/hamcrest-2.2.jar:/home/zgc/repo/org/junit/jupiter/junit-jupiter/5.8.2/junit-jupiter-5.8.2.jar:/home/zgc/repo/org/junit/jupiter/junit-jupiter-api/5.8.2/junit-jupiter-api-5.8.2.jar:/home/zgc/repo/org/opentest4j/opentest4j/1.2.0/opentest4j-1.2.0.jar:/home/zgc/repo/org/junit/platform/junit-platform-commons/1.8.2/junit-platform-commons-1.8.2.jar:/home/zgc/repo/org/apiguardian/apiguardian-api/1.1.2/apiguardian-api-1.1.2.jar:/home/zgc/repo/org/junit/jupiter/junit-jupiter-params/5.8.2/junit-jupiter-params-5.8.2.jar:/home/zgc/repo/org/junit/jupiter/junit-jupiter-engine/5.8.2/junit-jupiter-engine-5.8.2.jar:/home/zgc/repo/org/junit/platform/junit-platform-engine/1.8.2/junit-platform-engine-1.8.2.jar:/home/zgc/repo/org/mockito/mockito-core/4.0.0/mockito-core-4.0.0.jar:/home/zgc/repo/net/bytebuddy/byte-buddy/1.11.22/byte-buddy-1.11.22.jar:/home/zgc/repo/net/bytebuddy/byte-buddy-agent/1.11.22/byte-buddy-agent-1.11.22.jar:/home/zgc/repo/org/objenesis/objenesis/3.2/objenesis-3.2.jar:/home/zgc/repo/org/mockito/mockito-junit-jupiter/4.0.0/mockito-junit-jupiter-4.0.0.jar:/home/zgc/repo/org/skyscreamer/jsonassert/1.5.0/jsonassert-1.5.0.jar:/home/zgc/repo/com/vaadin/external/google/android-json/0.0.20131108.vaadin1/android-json-0.0.20131108.vaadin1.jar:/home/zgc/repo/org/springframework/spring-core/5.3.18/spring-core-5.3.18.jar:/home/zgc/repo/org/springframework/spring-jcl/5.3.18/spring-jcl-5.3.18.jar:/home/zgc/repo/org/springframework/spring-test/5.3.18/spring-test-5.3.18.jar:/home/zgc/repo/org/xmlunit/xmlunit-core/2.8.4/xmlunit-core-2.8.4.jar:"/>
    <property name="java.vm.vendor" value="Oracle Corporation"/>
    <property name="sun.arch.data.model" value="64"/>
    <property name="java.vendor.url" value="http://java.oracle.com/"/>
    <property name="user.timezone" value=""/>
    <property name="java.vm.specification.version" value="1.8"/>
    <property name="os.name" value="Linux"/>
    <property name="user.country" value="CN"/>
    <property name="sun.java.launcher" value="SUN_STANDARD"/>
    <property name="sun.boot.library.path" value="/usr/lib64/jdk1.8.0_301/jre/lib/amd64"/>
    <property name="sun.java.command" value="/home/zgc/Desktop/aqi-project/target/surefire/surefirebooter5278228052220086807.jar /home/zgc/Desktop/aqi-project/target/surefire 2022-04-13T17-27-52_780-jvmRun1 surefire3011385713668898116tmp surefire_03590131037211783965tmp"/>
    <property name="surefire.test.class.path" value="/home/zgc/Desktop/aqi-project/target/test-classes:/home/zgc/Desktop/aqi-project/target/classes:/home/zgc/repo/com/baomidou/mybatis-plus-generator/3.5.2/mybatis-plus-generator-3.5.2.jar:/home/zgc/repo/com/baomidou/mybatis-plus-boot-starter/3.5.1/mybatis-plus-boot-starter-3.5.1.jar:/home/zgc/repo/com/baomidou/mybatis-plus/3.5.1/mybatis-plus-3.5.1.jar:/home/zgc/repo/com/baomidou/mybatis-plus-extension/3.5.1/mybatis-plus-extension-3.5.1.jar:/home/zgc/repo/com/baomidou/mybatis-plus-core/3.5.1/mybatis-plus-core-3.5.1.jar:/home/zgc/repo/com/baomidou/mybatis-plus-annotation/3.5.1/mybatis-plus-annotation-3.5.1.jar:/home/zgc/repo/com/github/jsqlparser/jsqlparser/4.3/jsqlparser-4.3.jar:/home/zgc/repo/org/springframework/boot/spring-boot-autoconfigure/2.6.6/spring-boot-autoconfigure-2.6.6.jar:/home/zgc/repo/org/springframework/boot/spring-boot-starter-jdbc/2.6.6/spring-boot-starter-jdbc-2.6.6.jar:/home/zgc/repo/org/springframework/boot/spring-boot-starter/2.6.6/spring-boot-starter-2.6.6.jar:/home/zgc/repo/org/springframework/boot/spring-boot-starter-logging/2.6.6/spring-boot-starter-logging-2.6.6.jar:/home/zgc/repo/ch/qos/logback/logback-classic/1.2.11/logback-classic-1.2.11.jar:/home/zgc/repo/ch/qos/logback/logback-core/1.2.11/logback-core-1.2.11.jar:/home/zgc/repo/org/apache/logging/log4j/log4j-to-slf4j/2.17.2/log4j-to-slf4j-2.17.2.jar:/home/zgc/repo/org/apache/logging/log4j/log4j-api/2.17.2/log4j-api-2.17.2.jar:/home/zgc/repo/org/slf4j/jul-to-slf4j/1.7.36/jul-to-slf4j-1.7.36.jar:/home/zgc/repo/jakarta/annotation/jakarta.annotation-api/1.3.5/jakarta.annotation-api-1.3.5.jar:/home/zgc/repo/org/yaml/snakeyaml/1.29/snakeyaml-1.29.jar:/home/zgc/repo/com/zaxxer/HikariCP/4.0.3/HikariCP-4.0.3.jar:/home/zgc/repo/org/springframework/spring-jdbc/5.3.18/spring-jdbc-5.3.18.jar:/home/zgc/repo/org/springframework/spring-beans/5.3.18/spring-beans-5.3.18.jar:/home/zgc/repo/org/springframework/spring-tx/5.3.18/spring-tx-5.3.18.jar:/home/zgc/repo/org/springframework/boot/spring-boot-starter-thymeleaf/2.6.6/spring-boot-starter-thymeleaf-2.6.6.jar:/home/zgc/repo/org/thymeleaf/thymeleaf-spring5/3.0.15.RELEASE/thymeleaf-spring5-3.0.15.RELEASE.jar:/home/zgc/repo/org/thymeleaf/thymeleaf/3.0.15.RELEASE/thymeleaf-3.0.15.RELEASE.jar:/home/zgc/repo/org/attoparser/attoparser/2.0.5.RELEASE/attoparser-2.0.5.RELEASE.jar:/home/zgc/repo/org/unbescape/unbescape/1.1.6.RELEASE/unbescape-1.1.6.RELEASE.jar:/home/zgc/repo/org/thymeleaf/extras/thymeleaf-extras-java8time/3.0.4.RELEASE/thymeleaf-extras-java8time-3.0.4.RELEASE.jar:/home/zgc/repo/com/belerweb/pinyin4j/2.5.1/pinyin4j-2.5.1.jar:/home/zgc/repo/org/springframework/boot/spring-boot-starter-web/2.6.6/spring-boot-starter-web-2.6.6.jar:/home/zgc/repo/org/springframework/boot/spring-boot-starter-json/2.6.6/spring-boot-starter-json-2.6.6.jar:/home/zgc/repo/com/fasterxml/jackson/core/jackson-databind/2.13.2.2/jackson-databind-2.13.2.2.jar:/home/zgc/repo/com/fasterxml/jackson/core/jackson-annotations/2.13.2/jackson-annotations-2.13.2.jar:/home/zgc/repo/com/fasterxml/jackson/core/jackson-core/2.13.2/jackson-core-2.13.2.jar:/home/zgc/repo/com/fasterxml/jackson/datatype/jackson-datatype-jdk8/2.13.2/jackson-datatype-jdk8-2.13.2.jar:/home/zgc/repo/com/fasterxml/jackson/datatype/jackson-datatype-jsr310/2.13.2/jackson-datatype-jsr310-2.13.2.jar:/home/zgc/repo/com/fasterxml/jackson/module/jackson-module-parameter-names/2.13.2/jackson-module-parameter-names-2.13.2.jar:/home/zgc/repo/org/springframework/boot/spring-boot-starter-tomcat/2.6.6/spring-boot-starter-tomcat-2.6.6.jar:/home/zgc/repo/org/apache/tomcat/embed/tomcat-embed-core/9.0.60/tomcat-embed-core-9.0.60.jar:/home/zgc/repo/org/apache/tomcat/embed/tomcat-embed-el/9.0.60/tomcat-embed-el-9.0.60.jar:/home/zgc/repo/org/apache/tomcat/embed/tomcat-embed-websocket/9.0.60/tomcat-embed-websocket-9.0.60.jar:/home/zgc/repo/org/springframework/spring-web/5.3.18/spring-web-5.3.18.jar:/home/zgc/repo/org/springframework/spring-webmvc/5.3.18/spring-webmvc-5.3.18.jar:/home/zgc/repo/org/springframework/spring-aop/5.3.18/spring-aop-5.3.18.jar:/home/zgc/repo/org/springframework/spring-context/5.3.18/spring-context-5.3.18.jar:/home/zgc/repo/org/springframework/spring-expression/5.3.18/spring-expression-5.3.18.jar:/home/zgc/repo/org/mybatis/spring/boot/mybatis-spring-boot-starter/2.2.2/mybatis-spring-boot-starter-2.2.2.jar:/home/zgc/repo/org/mybatis/spring/boot/mybatis-spring-boot-autoconfigure/2.2.2/mybatis-spring-boot-autoconfigure-2.2.2.jar:/home/zgc/repo/org/mybatis/mybatis/3.5.9/mybatis-3.5.9.jar:/home/zgc/repo/org/mybatis/mybatis-spring/2.0.7/mybatis-spring-2.0.7.jar:/home/zgc/repo/org/thymeleaf/extras/thymeleaf-extras-springsecurity5/3.0.4.RELEASE/thymeleaf-extras-springsecurity5-3.0.4.RELEASE.jar:/home/zgc/repo/org/slf4j/slf4j-api/1.7.36/slf4j-api-1.7.36.jar:/home/zgc/repo/org/projectlombok/lombok/1.18.22/lombok-1.18.22.jar:/home/zgc/repo/org/freemarker/freemarker/2.3.31/freemarker-2.3.31.jar:/home/zgc/repo/io/springfox/springfox-boot-starter/3.0.0/springfox-boot-starter-3.0.0.jar:/home/zgc/repo/io/springfox/springfox-oas/3.0.0/springfox-oas-3.0.0.jar:/home/zgc/repo/io/swagger/core/v3/swagger-annotations/2.1.2/swagger-annotations-2.1.2.jar:/home/zgc/repo/io/swagger/core/v3/swagger-models/2.1.2/swagger-models-2.1.2.jar:/home/zgc/repo/io/springfox/springfox-spi/3.0.0/springfox-spi-3.0.0.jar:/home/zgc/repo/io/springfox/springfox-schema/3.0.0/springfox-schema-3.0.0.jar:/home/zgc/repo/io/springfox/springfox-core/3.0.0/springfox-core-3.0.0.jar:/home/zgc/repo/io/springfox/springfox-spring-web/3.0.0/springfox-spring-web-3.0.0.jar:/home/zgc/repo/io/github/classgraph/classgraph/4.8.83/classgraph-4.8.83.jar:/home/zgc/repo/io/springfox/springfox-spring-webmvc/3.0.0/springfox-spring-webmvc-3.0.0.jar:/home/zgc/repo/io/springfox/springfox-spring-webflux/3.0.0/springfox-spring-webflux-3.0.0.jar:/home/zgc/repo/io/springfox/springfox-swagger-common/3.0.0/springfox-swagger-common-3.0.0.jar:/home/zgc/repo/org/mapstruct/mapstruct/1.3.1.Final/mapstruct-1.3.1.Final.jar:/home/zgc/repo/io/springfox/springfox-data-rest/3.0.0/springfox-data-rest-3.0.0.jar:/home/zgc/repo/io/springfox/springfox-bean-validators/3.0.0/springfox-bean-validators-3.0.0.jar:/home/zgc/repo/io/springfox/springfox-swagger2/3.0.0/springfox-swagger2-3.0.0.jar:/home/zgc/repo/io/swagger/swagger-annotations/1.5.20/swagger-annotations-1.5.20.jar:/home/zgc/repo/io/swagger/swagger-models/1.5.20/swagger-models-1.5.20.jar:/home/zgc/repo/io/springfox/springfox-swagger-ui/3.0.0/springfox-swagger-ui-3.0.0.jar:/home/zgc/repo/com/fasterxml/classmate/1.5.1/classmate-1.5.1.jar:/home/zgc/repo/org/springframework/plugin/spring-plugin-core/2.0.0.RELEASE/spring-plugin-core-2.0.0.RELEASE.jar:/home/zgc/repo/org/springframework/plugin/spring-plugin-metadata/2.0.0.RELEASE/spring-plugin-metadata-2.0.0.RELEASE.jar:/home/zgc/repo/org/springframework/boot/spring-boot-devtools/2.6.6/spring-boot-devtools-2.6.6.jar:/home/zgc/repo/org/springframework/boot/spring-boot/2.6.6/spring-boot-2.6.6.jar:/home/zgc/repo/mysql/mysql-connector-java/8.0.28/mysql-connector-java-8.0.28.jar:/home/zgc/repo/org/springframework/boot/spring-boot-starter-test/2.6.6/spring-boot-starter-test-2.6.6.jar:/home/zgc/repo/org/springframework/boot/spring-boot-test/2.6.6/spring-boot-test-2.6.6.jar:/home/zgc/repo/org/springframework/boot/spring-boot-test-autoconfigure/2.6.6/spring-boot-test-autoconfigure-2.6.6.jar:/home/zgc/repo/com/jayway/jsonpath/json-path/2.6.0/json-path-2.6.0.jar:/home/zgc/repo/net/minidev/json-smart/2.4.8/json-smart-2.4.8.jar:/home/zgc/repo/net/minidev/accessors-smart/2.4.8/accessors-smart-2.4.8.jar:/home/zgc/repo/org/ow2/asm/asm/9.1/asm-9.1.jar:/home/zgc/repo/jakarta/xml/bind/jakarta.xml.bind-api/2.3.3/jakarta.xml.bind-api-2.3.3.jar:/home/zgc/repo/jakarta/activation/jakarta.activation-api/1.2.2/jakarta.activation-api-1.2.2.jar:/home/zgc/repo/org/assertj/assertj-core/3.21.0/assertj-core-3.21.0.jar:/home/zgc/repo/org/hamcrest/hamcrest/2.2/hamcrest-2.2.jar:/home/zgc/repo/org/junit/jupiter/junit-jupiter/5.8.2/junit-jupiter-5.8.2.jar:/home/zgc/repo/org/junit/jupiter/junit-jupiter-api/5.8.2/junit-jupiter-api-5.8.2.jar:/home/zgc/repo/org/opentest4j/opentest4j/1.2.0/opentest4j-1.2.0.jar:/home/zgc/repo/org/junit/platform/junit-platform-commons/1.8.2/junit-platform-commons-1.8.2.jar:/home/zgc/repo/org/apiguardian/apiguardian-api/1.1.2/apiguardian-api-1.1.2.jar:/home/zgc/repo/org/junit/jupiter/junit-jupiter-params/5.8.2/junit-jupiter-params-5.8.2.jar:/home/zgc/repo/org/junit/jupiter/junit-jupiter-engine/5.8.2/junit-jupiter-engine-5.8.2.jar:/home/zgc/repo/org/junit/platform/junit-platform-engine/1.8.2/junit-platform-engine-1.8.2.jar:/home/zgc/repo/org/mockito/mockito-core/4.0.0/mockito-core-4.0.0.jar:/home/zgc/repo/net/bytebuddy/byte-buddy/1.11.22/byte-buddy-1.11.22.jar:/home/zgc/repo/net/bytebuddy/byte-buddy-agent/1.11.22/byte-buddy-agent-1.11.22.jar:/home/zgc/repo/org/objenesis/objenesis/3.2/objenesis-3.2.jar:/home/zgc/repo/org/mockito/mockito-junit-jupiter/4.0.0/mockito-junit-jupiter-4.0.0.jar:/home/zgc/repo/org/skyscreamer/jsonassert/1.5.0/jsonassert-1.5.0.jar:/home/zgc/repo/com/vaadin/external/google/android-json/0.0.20131108.vaadin1/android-json-0.0.20131108.vaadin1.jar:/home/zgc/repo/org/springframework/spring-core/5.3.18/spring-core-5.3.18.jar:/home/zgc/repo/org/springframework/spring-jcl/5.3.18/spring-jcl-5.3.18.jar:/home/zgc/repo/org/springframework/spring-test/5.3.18/spring-test-5.3.18.jar:/home/zgc/repo/org/xmlunit/xmlunit-core/2.8.4/xmlunit-core-2.8.4.jar:"/>
    <property name="sun.cpu.endian" value="little"/>
    <property name="user.home" value="/home/zgc"/>
    <property name="user.language" value="zh"/>
    <property name="java.specification.vendor" value="Oracle Corporation"/>
    <property name="java.home" value="/usr/lib64/jdk1.8.0_301/jre"/>
    <property name="basedir" value="/home/zgc/Desktop/aqi-project"/>
    <property name="file.separator" value="/"/>
    <property name="line.separator" value="&#10;"/>
    <property name="java.vm.specification.vendor" value="Oracle Corporation"/>
    <property name="java.specification.name" value="Java Platform API Specification"/>
    <property name="java.awt.graphicsenv" value="sun.awt.X11GraphicsEnvironment"/>
    <property name="surefire.real.class.path" value="/home/zgc/Desktop/aqi-project/target/surefire/surefirebooter5278228052220086807.jar"/>
    <property name="sun.boot.class.path" value="/usr/lib64/jdk1.8.0_301/jre/lib/resources.jar:/usr/lib64/jdk1.8.0_301/jre/lib/rt.jar:/usr/lib64/jdk1.8.0_301/jre/lib/sunrsasign.jar:/usr/lib64/jdk1.8.0_301/jre/lib/jsse.jar:/usr/lib64/jdk1.8.0_301/jre/lib/jce.jar:/usr/lib64/jdk1.8.0_301/jre/lib/charsets.jar:/usr/lib64/jdk1.8.0_301/jre/lib/jfr.jar:/usr/lib64/jdk1.8.0_301/jre/classes"/>
    <property name="sun.management.compiler" value="HotSpot 64-Bit Tiered Compilers"/>
    <property name="java.runtime.version" value="1.8.0_301-b09"/>
    <property name="user.name" value="zgc"/>
    <property name="path.separator" value=":"/>
    <property name="os.version" value="5.10.101-amd64-desktop"/>
    <property name="java.endorsed.dirs" value="/usr/lib64/jdk1.8.0_301/jre/lib/endorsed"/>
    <property name="java.runtime.name" value="Java(TM) SE Runtime Environment"/>
    <property name="file.encoding" value="UTF-8"/>
    <property name="java.vm.name" value="Java HotSpot(TM) 64-Bit Server VM"/>
    <property name="localRepository" value="/home/zgc/repo"/>
    <property name="java.vendor.url.bug" value="http://bugreport.sun.com/bugreport/"/>
    <property name="java.io.tmpdir" value="/tmp"/>
    <property name="idea.version" value="2021.3.2"/>
    <property name="java.version" value="1.8.0_301"/>
    <property name="user.dir" value="/home/zgc/Desktop/aqi-project"/>
    <property name="os.arch" value="amd64"/>
    <property name="java.vm.specification.name" value="Java Virtual Machine Specification"/>
    <property name="java.awt.printerjob" value="sun.print.PSPrinterJob"/>
    <property name="sun.os.patch.level" value="unknown"/>
    <property name="java.library.path" value="/usr/java/packages/lib/amd64:/usr/lib64:/lib64:/lib:/usr/lib"/>
    <property name="java.vm.info" value="mixed mode"/>
    <property name="java.vendor" value="Oracle Corporation"/>
    <property name="java.vm.version" value="25.301-b09"/>
    <property name="java.ext.dirs" value="/usr/lib64/jdk1.8.0_301/jre/lib/ext:/usr/java/packages/lib/ext"/>
    <property name="sun.io.unicode.encoding" value="UnicodeLittle"/>
    <property name="maven.repo.local" value="/home/zgc/repo"/>
    <property name="java.class.version" value="52.0"/>
  </properties>
  <testcase name="contextLoads" classname="com.zuo.aqiproject.AqiProjectApplicationTests" time="0.255"/>
</testsuite>