<?xml version="1.0" encoding="UTF-8"?>
<testsuite xmlns:xsi="http://www.w3.org/2001/XMLSchema-instance" xsi:noNamespaceSchemaLocation="https://maven.apache.org/surefire/maven-surefire-plugin/xsd/surefire-test-report.xsd" name="com.zuo.aqiproject.AqiProjectApplicationTests" time="4.285" tests="1" errors="0" skipped="0" failures="0">
  <properties>
    <property name="sun.desktop" value="windows"/>
    <property name="awt.toolkit" value="sun.awt.windows.WToolkit"/>
    <property name="java.specification.version" value="11"/>
    <property name="sun.cpu.isalist" value="amd64"/>
    <property name="sun.jnu.encoding" value="GBK"/>
    <property name="java.class.path" value="F:\code_dir\aqi-project\target\test-classes;F:\code_dir\aqi-project\target\classes;F:\repo\com\baomidou\mybatis-plus-generator\3.5.2\mybatis-plus-generator-3.5.2.jar;F:\repo\com\baomidou\mybatis-plus-boot-starter\3.5.1\mybatis-plus-boot-starter-3.5.1.jar;F:\repo\com\baomidou\mybatis-plus\3.5.1\mybatis-plus-3.5.1.jar;F:\repo\com\baomidou\mybatis-plus-extension\3.5.1\mybatis-plus-extension-3.5.1.jar;F:\repo\com\baomidou\mybatis-plus-core\3.5.1\mybatis-plus-core-3.5.1.jar;F:\repo\com\baomidou\mybatis-plus-annotation\3.5.1\mybatis-plus-annotation-3.5.1.jar;F:\repo\com\github\jsqlparser\jsqlparser\4.3\jsqlparser-4.3.jar;F:\repo\org\springframework\boot\spring-boot-autoconfigure\2.6.6\spring-boot-autoconfigure-2.6.6.jar;F:\repo\org\springframework\boot\spring-boot-starter-jdbc\2.6.6\spring-boot-starter-jdbc-2.6.6.jar;F:\repo\org\springframework\boot\spring-boot-starter\2.6.6\spring-boot-starter-2.6.6.jar;F:\repo\org\springframework\boot\spring-boot-starter-logging\2.6.6\spring-boot-starter-logging-2.6.6.jar;F:\repo\ch\qos\logback\logback-classic\1.2.11\logback-classic-1.2.11.jar;F:\repo\ch\qos\logback\logback-core\1.2.11\logback-core-1.2.11.jar;F:\repo\org\apache\logging\log4j\log4j-to-slf4j\2.17.2\log4j-to-slf4j-2.17.2.jar;F:\repo\org\apache\logging\log4j\log4j-api\2.17.2\log4j-api-2.17.2.jar;F:\repo\org\slf4j\jul-to-slf4j\1.7.36\jul-to-slf4j-1.7.36.jar;F:\repo\jakarta\annotation\jakarta.annotation-api\1.3.5\jakarta.annotation-api-1.3.5.jar;F:\repo\org\yaml\snakeyaml\1.29\snakeyaml-1.29.jar;F:\repo\com\zaxxer\HikariCP\4.0.3\HikariCP-4.0.3.jar;F:\repo\org\slf4j\slf4j-api\1.7.36\slf4j-api-1.7.36.jar;F:\repo\org\springframework\spring-jdbc\5.3.18\spring-jdbc-5.3.18.jar;F:\repo\org\springframework\spring-beans\5.3.18\spring-beans-5.3.18.jar;F:\repo\org\springframework\spring-tx\5.3.18\spring-tx-5.3.18.jar;F:\repo\org\springframework\boot\spring-boot-starter-thymeleaf\2.6.6\spring-boot-starter-thymeleaf-2.6.6.jar;F:\repo\org\thymeleaf\thymeleaf-spring5\3.0.15.RELEASE\thymeleaf-spring5-3.0.15.RELEASE.jar;F:\repo\org\thymeleaf\thymeleaf\3.0.15.RELEASE\thymeleaf-3.0.15.RELEASE.jar;F:\repo\org\attoparser\attoparser\2.0.5.RELEASE\attoparser-2.0.5.RELEASE.jar;F:\repo\org\unbescape\unbescape\1.1.6.RELEASE\unbescape-1.1.6.RELEASE.jar;F:\repo\org\thymeleaf\extras\thymeleaf-extras-java8time\3.0.4.RELEASE\thymeleaf-extras-java8time-3.0.4.RELEASE.jar;F:\repo\com\belerweb\pinyin4j\2.5.1\pinyin4j-2.5.1.jar;F:\repo\org\springframework\boot\spring-boot-starter-web\2.6.6\spring-boot-starter-web-2.6.6.jar;F:\repo\org\springframework\boot\spring-boot-starter-json\2.6.6\spring-boot-starter-json-2.6.6.jar;F:\repo\com\fasterxml\jackson\core\jackson-databind\2.13.2.2\jackson-databind-2.13.2.2.jar;F:\repo\com\fasterxml\jackson\core\jackson-annotations\2.13.2\jackson-annotations-2.13.2.jar;F:\repo\com\fasterxml\jackson\core\jackson-core\2.13.2\jackson-core-2.13.2.jar;F:\repo\com\fasterxml\jackson\datatype\jackson-datatype-jdk8\2.13.2\jackson-datatype-jdk8-2.13.2.jar;F:\repo\com\fasterxml\jackson\datatype\jackson-datatype-jsr310\2.13.2\jackson-datatype-jsr310-2.13.2.jar;F:\repo\com\fasterxml\jackson\module\jackson-module-parameter-names\2.13.2\jackson-module-parameter-names-2.13.2.jar;F:\repo\org\springframework\boot\spring-boot-starter-tomcat\2.6.6\spring-boot-starter-tomcat-2.6.6.jar;F:\repo\org\apache\tomcat\embed\tomcat-embed-core\9.0.60\tomcat-embed-core-9.0.60.jar;F:\repo\org\apache\tomcat\embed\tomcat-embed-el\9.0.60\tomcat-embed-el-9.0.60.jar;F:\repo\org\apache\tomcat\embed\tomcat-embed-websocket\9.0.60\tomcat-embed-websocket-9.0.60.jar;F:\repo\org\springframework\spring-web\5.3.18\spring-web-5.3.18.jar;F:\repo\org\springframework\spring-webmvc\5.3.18\spring-webmvc-5.3.18.jar;F:\repo\org\springframework\spring-aop\5.3.18\spring-aop-5.3.18.jar;F:\repo\org\springframework\spring-context\5.3.18\spring-context-5.3.18.jar;F:\repo\org\springframework\spring-expression\5.3.18\spring-expression-5.3.18.jar;F:\repo\org\mybatis\spring\boot\mybatis-spring-boot-starter\2.2.2\mybatis-spring-boot-starter-2.2.2.jar;F:\repo\org\mybatis\spring\boot\mybatis-spring-boot-autoconfigure\2.2.2\mybatis-spring-boot-autoconfigure-2.2.2.jar;F:\repo\org\mybatis\mybatis\3.5.9\mybatis-3.5.9.jar;F:\repo\org\mybatis\mybatis-spring\2.0.7\mybatis-spring-2.0.7.jar;F:\repo\org\projectlombok\lombok\1.18.22\lombok-1.18.22.jar;F:\repo\org\freemarker\freemarker\2.3.31\freemarker-2.3.31.jar;F:\repo\com\github\xiaoymin\knife4j-spring-boot-starter\2.0.9\knife4j-spring-boot-starter-2.0.9.jar;F:\repo\com\github\xiaoymin\knife4j-spring-boot-autoconfigure\2.0.9\knife4j-spring-boot-autoconfigure-2.0.9.jar;F:\repo\com\github\xiaoymin\knife4j-spring\2.0.9\knife4j-spring-2.0.9.jar;F:\repo\com\github\xiaoymin\knife4j-annotations\2.0.9\knife4j-annotations-2.0.9.jar;F:\repo\com\github\xiaoymin\knife4j-core\2.0.9\knife4j-core-2.0.9.jar;F:\repo\org\javassist\javassist\3.25.0-GA\javassist-3.25.0-GA.jar;F:\repo\io\swagger\swagger-models\1.5.22\swagger-models-1.5.22.jar;F:\repo\io\swagger\swagger-annotations\1.5.22\swagger-annotations-1.5.22.jar;F:\repo\io\springfox\springfox-swagger2\2.10.5\springfox-swagger2-2.10.5.jar;F:\repo\io\springfox\springfox-spi\2.10.5\springfox-spi-2.10.5.jar;F:\repo\io\springfox\springfox-core\2.10.5\springfox-core-2.10.5.jar;F:\repo\io\springfox\springfox-schema\2.10.5\springfox-schema-2.10.5.jar;F:\repo\io\springfox\springfox-swagger-common\2.10.5\springfox-swagger-common-2.10.5.jar;F:\repo\io\springfox\springfox-spring-web\2.10.5\springfox-spring-web-2.10.5.jar;F:\repo\io\github\classgraph\classgraph\4.1.7\classgraph-4.1.7.jar;F:\repo\com\fasterxml\classmate\1.5.1\classmate-1.5.1.jar;F:\repo\org\springframework\plugin\spring-plugin-core\2.0.0.RELEASE\spring-plugin-core-2.0.0.RELEASE.jar;F:\repo\org\springframework\plugin\spring-plugin-metadata\2.0.0.RELEASE\spring-plugin-metadata-2.0.0.RELEASE.jar;F:\repo\org\mapstruct\mapstruct\1.3.1.Final\mapstruct-1.3.1.Final.jar;F:\repo\io\springfox\springfox-bean-validators\2.10.5\springfox-bean-validators-2.10.5.jar;F:\repo\io\springfox\springfox-spring-webmvc\2.10.5\springfox-spring-webmvc-2.10.5.jar;F:\repo\com\github\xiaoymin\knife4j-spring-ui\2.0.9\knife4j-spring-ui-2.0.9.jar;F:\repo\org\springframework\boot\spring-boot-devtools\2.6.6\spring-boot-devtools-2.6.6.jar;F:\repo\org\springframework\boot\spring-boot\2.6.6\spring-boot-2.6.6.jar;F:\repo\mysql\mysql-connector-java\8.0.28\mysql-connector-java-8.0.28.jar;F:\repo\org\springframework\boot\spring-boot-starter-test\2.6.6\spring-boot-starter-test-2.6.6.jar;F:\repo\org\springframework\boot\spring-boot-test\2.6.6\spring-boot-test-2.6.6.jar;F:\repo\org\springframework\boot\spring-boot-test-autoconfigure\2.6.6\spring-boot-test-autoconfigure-2.6.6.jar;F:\repo\com\jayway\jsonpath\json-path\2.6.0\json-path-2.6.0.jar;F:\repo\net\minidev\json-smart\2.4.8\json-smart-2.4.8.jar;F:\repo\net\minidev\accessors-smart\2.4.8\accessors-smart-2.4.8.jar;F:\repo\org\ow2\asm\asm\9.1\asm-9.1.jar;F:\repo\jakarta\xml\bind\jakarta.xml.bind-api\2.3.3\jakarta.xml.bind-api-2.3.3.jar;F:\repo\jakarta\activation\jakarta.activation-api\1.2.2\jakarta.activation-api-1.2.2.jar;F:\repo\org\assertj\assertj-core\3.21.0\assertj-core-3.21.0.jar;F:\repo\org\hamcrest\hamcrest\2.2\hamcrest-2.2.jar;F:\repo\org\junit\jupiter\junit-jupiter\5.8.2\junit-jupiter-5.8.2.jar;F:\repo\org\junit\jupiter\junit-jupiter-api\5.8.2\junit-jupiter-api-5.8.2.jar;F:\repo\org\opentest4j\opentest4j\1.2.0\opentest4j-1.2.0.jar;F:\repo\org\junit\platform\junit-platform-commons\1.8.2\junit-platform-commons-1.8.2.jar;F:\repo\org\apiguardian\apiguardian-api\1.1.2\apiguardian-api-1.1.2.jar;F:\repo\org\junit\jupiter\junit-jupiter-params\5.8.2\junit-jupiter-params-5.8.2.jar;F:\repo\org\junit\jupiter\junit-jupiter-engine\5.8.2\junit-jupiter-engine-5.8.2.jar;F:\repo\org\junit\platform\junit-platform-engine\1.8.2\junit-platform-engine-1.8.2.jar;F:\repo\org\mockito\mockito-core\4.0.0\mockito-core-4.0.0.jar;F:\repo\net\bytebuddy\byte-buddy\1.11.22\byte-buddy-1.11.22.jar;F:\repo\net\bytebuddy\byte-buddy-agent\1.11.22\byte-buddy-agent-1.11.22.jar;F:\repo\org\objenesis\objenesis\3.2\objenesis-3.2.jar;F:\repo\org\mockito\mockito-junit-jupiter\4.0.0\mockito-junit-jupiter-4.0.0.jar;F:\repo\org\skyscreamer\jsonassert\1.5.0\jsonassert-1.5.0.jar;F:\repo\com\vaadin\external\google\android-json\0.0.20131108.vaadin1\android-json-0.0.20131108.vaadin1.jar;F:\repo\org\springframework\spring-core\5.3.18\spring-core-5.3.18.jar;F:\repo\org\springframework\spring-jcl\5.3.18\spring-jcl-5.3.18.jar;F:\repo\org\springframework\spring-test\5.3.18\spring-test-5.3.18.jar;F:\repo\org\xmlunit\xmlunit-core\2.8.4\xmlunit-core-2.8.4.jar;"/>
    <property name="java.vm.vendor" value="Oracle Corporation"/>
    <property name="sun.arch.data.model" value="64"/>
    <property name="user.variant" value=""/>
    <property name="java.vendor.url" value="https://openjdk.java.net/"/>
    <property name="user.timezone" value="Asia/Shanghai"/>
    <property name="java.vm.specification.version" value="11"/>
    <property name="os.name" value="Windows 10"/>
    <property name="sun.java.launcher" value="SUN_STANDARD"/>
    <property name="user.country" value="CN"/>
    <property name="sun.boot.library.path" value="F:\jdk-11.0.17\bin"/>
    <property name="sun.java.command" value="C:\Users\62391\AppData\Local\Temp\surefire10580356854464117316\surefirebooter13825260205738625082.jar C:\Users\62391\AppData\Local\Temp\surefire10580356854464117316 2022-10-23T17-34-58_149-jvmRun1 surefire5580397378215567126tmp surefire_0542833116488671169tmp"/>
    <property name="jdk.debug" value="release"/>
    <property name="surefire.test.class.path" value="F:\code_dir\aqi-project\target\test-classes;F:\code_dir\aqi-project\target\classes;F:\repo\com\baomidou\mybatis-plus-generator\3.5.2\mybatis-plus-generator-3.5.2.jar;F:\repo\com\baomidou\mybatis-plus-boot-starter\3.5.1\mybatis-plus-boot-starter-3.5.1.jar;F:\repo\com\baomidou\mybatis-plus\3.5.1\mybatis-plus-3.5.1.jar;F:\repo\com\baomidou\mybatis-plus-extension\3.5.1\mybatis-plus-extension-3.5.1.jar;F:\repo\com\baomidou\mybatis-plus-core\3.5.1\mybatis-plus-core-3.5.1.jar;F:\repo\com\baomidou\mybatis-plus-annotation\3.5.1\mybatis-plus-annotation-3.5.1.jar;F:\repo\com\github\jsqlparser\jsqlparser\4.3\jsqlparser-4.3.jar;F:\repo\org\springframework\boot\spring-boot-autoconfigure\2.6.6\spring-boot-autoconfigure-2.6.6.jar;F:\repo\org\springframework\boot\spring-boot-starter-jdbc\2.6.6\spring-boot-starter-jdbc-2.6.6.jar;F:\repo\org\springframework\boot\spring-boot-starter\2.6.6\spring-boot-starter-2.6.6.jar;F:\repo\org\springframework\boot\spring-boot-starter-logging\2.6.6\spring-boot-starter-logging-2.6.6.jar;F:\repo\ch\qos\logback\logback-classic\1.2.11\logback-classic-1.2.11.jar;F:\repo\ch\qos\logback\logback-core\1.2.11\logback-core-1.2.11.jar;F:\repo\org\apache\logging\log4j\log4j-to-slf4j\2.17.2\log4j-to-slf4j-2.17.2.jar;F:\repo\org\apache\logging\log4j\log4j-api\2.17.2\log4j-api-2.17.2.jar;F:\repo\org\slf4j\jul-to-slf4j\1.7.36\jul-to-slf4j-1.7.36.jar;F:\repo\jakarta\annotation\jakarta.annotation-api\1.3.5\jakarta.annotation-api-1.3.5.jar;F:\repo\org\yaml\snakeyaml\1.29\snakeyaml-1.29.jar;F:\repo\com\zaxxer\HikariCP\4.0.3\HikariCP-4.0.3.jar;F:\repo\org\slf4j\slf4j-api\1.7.36\slf4j-api-1.7.36.jar;F:\repo\org\springframework\spring-jdbc\5.3.18\spring-jdbc-5.3.18.jar;F:\repo\org\springframework\spring-beans\5.3.18\spring-beans-5.3.18.jar;F:\repo\org\springframework\spring-tx\5.3.18\spring-tx-5.3.18.jar;F:\repo\org\springframework\boot\spring-boot-starter-thymeleaf\2.6.6\spring-boot-starter-thymeleaf-2.6.6.jar;F:\repo\org\thymeleaf\thymeleaf-spring5\3.0.15.RELEASE\thymeleaf-spring5-3.0.15.RELEASE.jar;F:\repo\org\thymeleaf\thymeleaf\3.0.15.RELEASE\thymeleaf-3.0.15.RELEASE.jar;F:\repo\org\attoparser\attoparser\2.0.5.RELEASE\attoparser-2.0.5.RELEASE.jar;F:\repo\org\unbescape\unbescape\1.1.6.RELEASE\unbescape-1.1.6.RELEASE.jar;F:\repo\org\thymeleaf\extras\thymeleaf-extras-java8time\3.0.4.RELEASE\thymeleaf-extras-java8time-3.0.4.RELEASE.jar;F:\repo\com\belerweb\pinyin4j\2.5.1\pinyin4j-2.5.1.jar;F:\repo\org\springframework\boot\spring-boot-starter-web\2.6.6\spring-boot-starter-web-2.6.6.jar;F:\repo\org\springframework\boot\spring-boot-starter-json\2.6.6\spring-boot-starter-json-2.6.6.jar;F:\repo\com\fasterxml\jackson\core\jackson-databind\2.13.2.2\jackson-databind-2.13.2.2.jar;F:\repo\com\fasterxml\jackson\core\jackson-annotations\2.13.2\jackson-annotations-2.13.2.jar;F:\repo\com\fasterxml\jackson\core\jackson-core\2.13.2\jackson-core-2.13.2.jar;F:\repo\com\fasterxml\jackson\datatype\jackson-datatype-jdk8\2.13.2\jackson-datatype-jdk8-2.13.2.jar;F:\repo\com\fasterxml\jackson\datatype\jackson-datatype-jsr310\2.13.2\jackson-datatype-jsr310-2.13.2.jar;F:\repo\com\fasterxml\jackson\module\jackson-module-parameter-names\2.13.2\jackson-module-parameter-names-2.13.2.jar;F:\repo\org\springframework\boot\spring-boot-starter-tomcat\2.6.6\spring-boot-starter-tomcat-2.6.6.jar;F:\repo\org\apache\tomcat\embed\tomcat-embed-core\9.0.60\tomcat-embed-core-9.0.60.jar;F:\repo\org\apache\tomcat\embed\tomcat-embed-el\9.0.60\tomcat-embed-el-9.0.60.jar;F:\repo\org\apache\tomcat\embed\tomcat-embed-websocket\9.0.60\tomcat-embed-websocket-9.0.60.jar;F:\repo\org\springframework\spring-web\5.3.18\spring-web-5.3.18.jar;F:\repo\org\springframework\spring-webmvc\5.3.18\spring-webmvc-5.3.18.jar;F:\repo\org\springframework\spring-aop\5.3.18\spring-aop-5.3.18.jar;F:\repo\org\springframework\spring-context\5.3.18\spring-context-5.3.18.jar;F:\repo\org\springframework\spring-expression\5.3.18\spring-expression-5.3.18.jar;F:\repo\org\mybatis\spring\boot\mybatis-spring-boot-starter\2.2.2\mybatis-spring-boot-starter-2.2.2.jar;F:\repo\org\mybatis\spring\boot\mybatis-spring-boot-autoconfigure\2.2.2\mybatis-spring-boot-autoconfigure-2.2.2.jar;F:\repo\org\mybatis\mybatis\3.5.9\mybatis-3.5.9.jar;F:\repo\org\mybatis\mybatis-spring\2.0.7\mybatis-spring-2.0.7.jar;F:\repo\org\projectlombok\lombok\1.18.22\lombok-1.18.22.jar;F:\repo\org\freemarker\freemarker\2.3.31\freemarker-2.3.31.jar;F:\repo\com\github\xiaoymin\knife4j-spring-boot-starter\2.0.9\knife4j-spring-boot-starter-2.0.9.jar;F:\repo\com\github\xiaoymin\knife4j-spring-boot-autoconfigure\2.0.9\knife4j-spring-boot-autoconfigure-2.0.9.jar;F:\repo\com\github\xiaoymin\knife4j-spring\2.0.9\knife4j-spring-2.0.9.jar;F:\repo\com\github\xiaoymin\knife4j-annotations\2.0.9\knife4j-annotations-2.0.9.jar;F:\repo\com\github\xiaoymin\knife4j-core\2.0.9\knife4j-core-2.0.9.jar;F:\repo\org\javassist\javassist\3.25.0-GA\javassist-3.25.0-GA.jar;F:\repo\io\swagger\swagger-models\1.5.22\swagger-models-1.5.22.jar;F:\repo\io\swagger\swagger-annotations\1.5.22\swagger-annotations-1.5.22.jar;F:\repo\io\springfox\springfox-swagger2\2.10.5\springfox-swagger2-2.10.5.jar;F:\repo\io\springfox\springfox-spi\2.10.5\springfox-spi-2.10.5.jar;F:\repo\io\springfox\springfox-core\2.10.5\springfox-core-2.10.5.jar;F:\repo\io\springfox\springfox-schema\2.10.5\springfox-schema-2.10.5.jar;F:\repo\io\springfox\springfox-swagger-common\2.10.5\springfox-swagger-common-2.10.5.jar;F:\repo\io\springfox\springfox-spring-web\2.10.5\springfox-spring-web-2.10.5.jar;F:\repo\io\github\classgraph\classgraph\4.1.7\classgraph-4.1.7.jar;F:\repo\com\fasterxml\classmate\1.5.1\classmate-1.5.1.jar;F:\repo\org\springframework\plugin\spring-plugin-core\2.0.0.RELEASE\spring-plugin-core-2.0.0.RELEASE.jar;F:\repo\org\springframework\plugin\spring-plugin-metadata\2.0.0.RELEASE\spring-plugin-metadata-2.0.0.RELEASE.jar;F:\repo\org\mapstruct\mapstruct\1.3.1.Final\mapstruct-1.3.1.Final.jar;F:\repo\io\springfox\springfox-bean-validators\2.10.5\springfox-bean-validators-2.10.5.jar;F:\repo\io\springfox\springfox-spring-webmvc\2.10.5\springfox-spring-webmvc-2.10.5.jar;F:\repo\com\github\xiaoymin\knife4j-spring-ui\2.0.9\knife4j-spring-ui-2.0.9.jar;F:\repo\org\springframework\boot\spring-boot-devtools\2.6.6\spring-boot-devtools-2.6.6.jar;F:\repo\org\springframework\boot\spring-boot\2.6.6\spring-boot-2.6.6.jar;F:\repo\mysql\mysql-connector-java\8.0.28\mysql-connector-java-8.0.28.jar;F:\repo\org\springframework\boot\spring-boot-starter-test\2.6.6\spring-boot-starter-test-2.6.6.jar;F:\repo\org\springframework\boot\spring-boot-test\2.6.6\spring-boot-test-2.6.6.jar;F:\repo\org\springframework\boot\spring-boot-test-autoconfigure\2.6.6\spring-boot-test-autoconfigure-2.6.6.jar;F:\repo\com\jayway\jsonpath\json-path\2.6.0\json-path-2.6.0.jar;F:\repo\net\minidev\json-smart\2.4.8\json-smart-2.4.8.jar;F:\repo\net\minidev\accessors-smart\2.4.8\accessors-smart-2.4.8.jar;F:\repo\org\ow2\asm\asm\9.1\asm-9.1.jar;F:\repo\jakarta\xml\bind\jakarta.xml.bind-api\2.3.3\jakarta.xml.bind-api-2.3.3.jar;F:\repo\jakarta\activation\jakarta.activation-api\1.2.2\jakarta.activation-api-1.2.2.jar;F:\repo\org\assertj\assertj-core\3.21.0\assertj-core-3.21.0.jar;F:\repo\org\hamcrest\hamcrest\2.2\hamcrest-2.2.jar;F:\repo\org\junit\jupiter\junit-jupiter\5.8.2\junit-jupiter-5.8.2.jar;F:\repo\org\junit\jupiter\junit-jupiter-api\5.8.2\junit-jupiter-api-5.8.2.jar;F:\repo\org\opentest4j\opentest4j\1.2.0\opentest4j-1.2.0.jar;F:\repo\org\junit\platform\junit-platform-commons\1.8.2\junit-platform-commons-1.8.2.jar;F:\repo\org\apiguardian\apiguardian-api\1.1.2\apiguardian-api-1.1.2.jar;F:\repo\org\junit\jupiter\junit-jupiter-params\5.8.2\junit-jupiter-params-5.8.2.jar;F:\repo\org\junit\jupiter\junit-jupiter-engine\5.8.2\junit-jupiter-engine-5.8.2.jar;F:\repo\org\junit\platform\junit-platform-engine\1.8.2\junit-platform-engine-1.8.2.jar;F:\repo\org\mockito\mockito-core\4.0.0\mockito-core-4.0.0.jar;F:\repo\net\bytebuddy\byte-buddy\1.11.22\byte-buddy-1.11.22.jar;F:\repo\net\bytebuddy\byte-buddy-agent\1.11.22\byte-buddy-agent-1.11.22.jar;F:\repo\org\objenesis\objenesis\3.2\objenesis-3.2.jar;F:\repo\org\mockito\mockito-junit-jupiter\4.0.0\mockito-junit-jupiter-4.0.0.jar;F:\repo\org\skyscreamer\jsonassert\1.5.0\jsonassert-1.5.0.jar;F:\repo\com\vaadin\external\google\android-json\0.0.20131108.vaadin1\android-json-0.0.20131108.vaadin1.jar;F:\repo\org\springframework\spring-core\5.3.18\spring-core-5.3.18.jar;F:\repo\org\springframework\spring-jcl\5.3.18\spring-jcl-5.3.18.jar;F:\repo\org\springframework\spring-test\5.3.18\spring-test-5.3.18.jar;F:\repo\org\xmlunit\xmlunit-core\2.8.4\xmlunit-core-2.8.4.jar;"/>
    <property name="sun.cpu.endian" value="little"/>
    <property name="user.home" value="C:\Users\62391"/>
    <property name="user.language" value="zh"/>
    <property name="java.specification.vendor" value="Oracle Corporation"/>
    <property name="java.version.date" value="2022-10-18"/>
    <property name="java.home" value="F:\jdk-11.0.17"/>
    <property name="file.separator" value="\"/>
    <property name="basedir" value="F:\code_dir\aqi-project"/>
    <property name="java.vm.compressedOopsMode" value="Zero based"/>
    <property name="line.separator" value="&#10;"/>
    <property name="java.specification.name" value="Java Platform API Specification"/>
    <property name="java.vm.specification.vendor" value="Oracle Corporation"/>
    <property name="java.awt.graphicsenv" value="sun.awt.Win32GraphicsEnvironment"/>
    <property name="surefire.real.class.path" value="C:\Users\62391\AppData\Local\Temp\surefire10580356854464117316\surefirebooter13825260205738625082.jar"/>
    <property name="user.script" value=""/>
    <property name="sun.management.compiler" value="HotSpot 64-Bit Tiered Compilers"/>
    <property name="java.runtime.version" value="11.0.17+10-LTS-269"/>
    <property name="user.name" value="62391"/>
    <property name="path.separator" value=";"/>
    <property name="os.version" value="10.0"/>
    <property name="java.runtime.name" value="Java(TM) SE Runtime Environment"/>
    <property name="file.encoding" value="GBK"/>
    <property name="java.vm.name" value="Java HotSpot(TM) 64-Bit Server VM"/>
    <property name="java.vendor.version" value="18.9"/>
    <property name="localRepository" value="F:\repo"/>
    <property name="java.vendor.url.bug" value="https://bugreport.java.com/bugreport/"/>
    <property name="java.io.tmpdir" value="C:\Users\62391\AppData\Local\Temp\"/>
    <property name="idea.version" value="2022.2.3"/>
    <property name="java.version" value="11.0.17"/>
    <property name="user.dir" value="F:\code_dir\aqi-project"/>
    <property name="os.arch" value="amd64"/>
    <property name="java.vm.specification.name" value="Java Virtual Machine Specification"/>
    <property name="java.awt.printerjob" value="sun.awt.windows.WPrinterJob"/>
    <property name="sun.os.patch.level" value=""/>
    <property name="java.library.path" value="F:\jdk-11.0.17\bin;C:\Windows\Sun\Java\bin;C:\Windows\system32;C:\Windows;F:\python310\Scripts\;F:\python310\;C:\Windows\system32;C:\Windows;C:\Windows\System32\Wbem;C:\Windows\System32\WindowsPowerShell\v1.0\;C:\Windows\System32\OpenSSH\;F:\Microsoft VS Code\bin;F:\nodejs\;F:\mysql-8.0.31-winx64\bin;%HOME%\pip\pip.ini;F:\Erlang OTP\bin;C:\Users\62391\AppData\Local\Microsoft\WindowsApps;;F:\IntelliJ IDEA 2022.2.3\bin;;F:\PyCharm 2022.2.3\bin;;C:\Users\62391\AppData\Roaming\npm;."/>
    <property name="java.vendor" value="Oracle Corporation"/>
    <property name="java.vm.info" value="mixed mode"/>
    <property name="java.vm.version" value="11.0.17+10-LTS-269"/>
    <property name="sun.io.unicode.encoding" value="UnicodeLittle"/>
    <property name="maven.repo.local" value="F:\repo"/>
    <property name="java.class.version" value="55.0"/>
  </properties>
  <testcase name="contextLoads" classname="com.zuo.aqiproject.AqiProjectApplicationTests" time="0.361"/>
</testsuite>